miniprogram to uni-app 转换日志

###################基本信息###################
工具版本：v1.1.5
转换时间: 2021-09-24 17:02:51
项目语言: Javascript
项目类型: Hbuilder X
isTransformWXS: false
isRenameWxToUni: true
isMergeWxssToVue: true
isRepair: false

################小程序基本信息#################
name: 51
version: 
description: 
appid: wx2c233fb1f67300a4
projectname: 
compileType: miniprogram
author: 

###################目录信息###################
sourceFolder: D:/A_ZYY/A_zyy/51
targetFolder: D:/A_ZYY/A_zyy/51_uni
outputFolder: D:/A_ZYY/A_zyy/51_uni
miniprogramRoot: D:/A_ZYY/A_zyy/51

###################日志信息###################
[tip]  SDK相关文件，忽略解析  file-->D:\A_ZYY\A_zyy\51\utils\qqmap-wx-jssdk.min.js
[Tip] 检测到@tap绑定的函数 gettolist 不存在，已添加空函数占位   file-> pages/allorder/allorder
[Tip] 检测到@error绑定的函数 videoErrorCallback 不存在，已添加空函数占位   file-> pages/material/material
[Error] template对应的wxml实际为vue文件(至少包含wxml和js文件)，请转换完后，手动调整 -->    file --> wxParse/wxParse
[Error] template对应的wxml实际为vue文件(至少包含wxml和js文件)，请转换完后，手动调整 -->    file --> wxParse/wxParse
[Error] template对应的wxml实际为vue文件(至少包含wxml和js文件)，请转换完后，手动调整 -->    file --> wxParse/wxParse
[Error] template对应的wxml实际为vue文件(至少包含wxml和js文件)，请转换完后，手动调整 -->    file --> wxParse/wxParse
[Error] template对应的wxml实际为vue文件(至少包含wxml和js文件)，请转换完后，手动调整 -->    file --> wxParse/wxParse
[Error] template对应的wxml实际为vue文件(至少包含wxml和js文件)，请转换完后，手动调整 -->    file --> wxParse/wxParse
[Error] template对应的wxml实际为vue文件(至少包含wxml和js文件)，请转换完后，手动调整 -->    file --> wxParse/wxParse
[Error] template对应的wxml实际为vue文件(至少包含wxml和js文件)，请转换完后，手动调整 -->    file --> wxParse/wxParse
[Error] template对应的wxml实际为vue文件(至少包含wxml和js文件)，请转换完后，手动调整 -->    file --> wxParse/wxParse
[Error] template对应的wxml实际为vue文件(至少包含wxml和js文件)，请转换完后，手动调整 -->    file --> wxParse/wxParse
[Error] template对应的wxml实际为vue文件(至少包含wxml和js文件)，请转换完后，手动调整 -->    file --> wxParse/wxParse
[Error] template对应的wxml实际为vue文件(至少包含wxml和js文件)，请转换完后，手动调整 -->    file --> wxParse/wxParse
[Error] template对应的wxml实际为vue文件(至少包含wxml和js文件)，请转换完后，手动调整 -->    file --> wxParse/wxParse
[Error] template对应的wxml实际为vue文件(至少包含wxml和js文件)，请转换完后，手动调整 -->    file --> wxParse/wxParse
[Error] template对应的wxml实际为vue文件(至少包含wxml和js文件)，请转换完后，手动调整 -->    file --> wxParse/wxParse
[Error] template对应的wxml实际为vue文件(至少包含wxml和js文件)，请转换完后，手动调整 -->    file --> wxParse/wxParse
Convert App.vue success!
[命名替换]:  showMessage  -->  showMessageFun   (原因：变量名与函数名重名)      file: pages\addressdetail\addressdetail.js
[命名替换]:  showMessage  -->  showMessageFun   (原因：变量名与函数名重名)      file: pages\addressdetail\addressdetail.js
[命名替换]:  showMessage  -->  showMessageFun   (原因：变量名与函数名重名)      file: pages\addressdetail\addressdetail.js
[命名替换]:  showMessage  -->  showMessageFun   (原因：变量名与函数名重名)      file: pages\addressAdd\addressAdd.js
[命名替换]:  showMessage  -->  showMessageFun   (原因：变量名与函数名重名)      file: pages\addressAdd\addressAdd.js
[命名替换]:  showMessage  -->  showMessageFun   (原因：变量名与函数名重名)      file: pages\addressAdd\addressAdd.js
Convert component utils\area.js success!
Convert component utils\http.js success!
Convert component utils\time.js success!
Convert component utils\soket.js success!
Convert component utils\util.js success!
Convert component wxParse\html2json.js success!
Convert component wxParse\htmlparser.js success!
Convert component wxParse\showdown.js success!
Convert component wxParse\wxDiscode.js success!
Convert wxParse\wxParse.vue success!
Convert pages\addressList\addressList.vue success!
Convert pages\addressAdd\addressAdd.vue success!
Convert pages\allorder\allorder.vue success!
Convert pages\addressdetail\addressdetail.vue success!
Convert pages\banned\banned.vue success!
Convert pages\bannerdetail\bannerdetail.vue success!
Convert pages\bindingPhone\bindingPhone.vue success!
Convert pages\capital\capital.vue success!
Convert pages\clueSubmit\clueSubmit.vue success!
Convert pages\course\course.vue success!
Convert pages\courselist\courselist.vue success!
Convert pages\courtesy\courtesy.vue success!
Convert pages\customer\customer.vue success!
Convert pages\income\income.vue success!
Convert pages\index\index.vue success!
Convert pages\information\information.vue success!
Convert pages\inviter\inviter.vue success!
Convert pages\logs\logs.vue success!
Convert pages\material\material.vue success!
Convert pages\money\money.vue success!
Convert pages\my\my.vue success!
Convert pages\mysubmit\cause.vue success!
Convert pages\mysubmit\mysubmit.vue success!
Convert pages\sellSubmit\sellSubmit.vue success!
Convert pages\sellSubmit1\sellSubmit.vue success!
Convert pages\shop\shop.vue success!
Convert pages\signList\signList.vue success!
Convert pages\signSubmit\signSubmit.vue success!
Convert pages\statistical\statistical.vue success!
Convert pages\stickSubmit\stickSubmit.vue success!
Convert pages\stickSubmit1\stickSubmit.vue success!
Convert pages\withdraw\withdraw.vue success!
Convert pages\withdraw\withdrawtrue.vue success!
Convert pages\signDetails\signDetails.vue success!

转换完成: 
总共 0 处调用支付Api
输出 36 个vue文件
耗时：7844ms
当前转换模式：【Hbuilder X】，生成Hbuilder X 项目。


常见问题：
问：为什么不将 this.setData({a:1}) 转换为 this.a = 1 呢?
答：已做polyfill，转换后可正常使用setData函数(见main.js文件)

问：getApp()能在Uni-app里面使用吗？
答：可以的，Uni-app早已支持

问：为什么转换后我的资源文件都不见了？
答：已将所有非static目录下面的资源文件都移入到static目录里

问：小程序转换为Uni-app项目后，还能转换成其他小程序项目吗？
答：当然可以，必须可以！Uni-app项目可以编译到各种小程序、H5和APP等平台

问：为什么小程序运行正常，而转换到Uni-app后报了这么多错误呢？
答：很正常。Uni-app与小程序无法一一对应，且代码写法千变万化，工具也无法预测所有情况，只能尽力做到更少的报错、更好的兼容。有问题可以添加qq group(780359397、361784059)进行交流

更多信息请阅读答疑文档：https://gitee.com/zhangdaren/articles/blob/master/miniprogram-to-uniapp工具答疑.md

gitee：https://gitee.com/zhangdaren/miniprogram-to-uniapp
github：https://github.com/zhangdaren/miniprogram-to-uniapp

欢迎各位大佬star和issue!
